TN:
SF:controllers\produits\afficher.js
FN:3,(anonymous_0)
FNF:1
FNH:1
FNDA:5,(anonymous_0)
DA:1,1
DA:3,1
DA:4,5
DA:5,5
DA:6,5
DA:8,3
DA:9,1
DA:15,2
DA:20,2
DA:24,1
LF:10
LH:10
BRDA:8,0,0,1
BRDA:8,0,1,2
BRF:2
BRH:2
end_of_record
TN:
SF:controllers\produits\afficherAll.js
FN:3,(anonymous_0)
FNF:1
FNH:1
FNDA:6,(anonymous_0)
DA:1,1
DA:3,1
DA:4,6
DA:5,6
DA:7,4
DA:12,2
DA:13,2
DA:20,1
LF:8
LH:8
BRF:0
BRH:0
end_of_record
TN:
SF:controllers\produits\ajouter.js
FN:4,(anonymous_0)
FNF:1
FNH:1
FNDA:16,(anonymous_0)
DA:1,1
DA:2,1
DA:4,1
DA:5,16
DA:6,16
DA:8,7
DA:10,7
DA:16,9
DA:20,1
LF:9
LH:9
BRF:0
BRH:0
end_of_record
TN:
SF:controllers\produits\modifier.js
FN:4,(anonymous_0)
FNF:1
FNH:1
FNDA:4,(anonymous_0)
DA:1,1
DA:2,1
DA:4,1
DA:5,4
DA:6,4
DA:7,4
DA:9,2
DA:10,1
DA:16,1
DA:18,1
DA:24,2
DA:28,1
LF:12
LH:12
BRDA:9,0,0,1
BRDA:9,0,1,1
BRF:2
BRH:2
end_of_record
TN:
SF:controllers\produits\supprimer.js
FN:4,(anonymous_0)
FNF:1
FNH:1
FNDA:3,(anonymous_0)
DA:1,1
DA:2,1
DA:4,1
DA:5,3
DA:6,3
DA:7,3
DA:9,2
DA:11,2
DA:16,1
DA:20,1
LF:10
LH:10
BRF:0
BRH:0
end_of_record
